mode: atomic
github.com/vatbrain/vatbrain/internal/core/attribution.go:26.43,39.16 3 9
github.com/vatbrain/vatbrain/internal/core/attribution.go:40.31,41.20 1 1
github.com/vatbrain/vatbrain/internal/core/attribution.go:42.36,44.22 2 4
github.com/vatbrain/vatbrain/internal/core/attribution.go:44.22,46.4 1 3
github.com/vatbrain/vatbrain/internal/core/attribution.go:47.36,48.25 1 1
github.com/vatbrain/vatbrain/internal/core/attribution.go:49.34,50.25 1 2
github.com/vatbrain/vatbrain/internal/core/attribution.go:53.2,54.19 2 9
github.com/vatbrain/vatbrain/internal/core/attribution.go:54.19,56.3 1 1
github.com/vatbrain/vatbrain/internal/core/attribution.go:57.2,57.19 1 9
github.com/vatbrain/vatbrain/internal/core/attribution.go:57.19,59.3 1 6
github.com/vatbrain/vatbrain/internal/core/attribution.go:60.2,61.8 2 9
github.com/vatbrain/vatbrain/internal/core/consolidation_engine.go:33.56,39.2 1 1
github.com/vatbrain/vatbrain/internal/core/consolidation_engine.go:56.42,67.16 5 0
github.com/vatbrain/vatbrain/internal/core/consolidation_engine.go:67.16,69.3 1 0
github.com/vatbrain/vatbrain/internal/core/consolidation_engine.go:70.2,72.25 2 0
github.com/vatbrain/vatbrain/internal/core/consolidation_engine.go:72.25,76.3 3 0
github.com/vatbrain/vatbrain/internal/core/consolidation_engine.go:79.2,85.12 5 0
github.com/vatbrain/vatbrain/internal/core/consolidation_engine.go:85.12,88.3 2 0
github.com/vatbrain/vatbrain/internal/core/consolidation_engine.go:90.2,90.12 1 0
github.com/vatbrain/vatbrain/internal/core/consolidation_engine.go:90.12,93.3 2 0
github.com/vatbrain/vatbrain/internal/core/consolidation_engine.go:95.2,108.20 9 0
github.com/vatbrain/vatbrain/internal/core/consolidation_engine.go:120.42,127.30 4 0
github.com/vatbrain/vatbrain/internal/core/consolidation_engine.go:127.30,131.37 3 0
github.com/vatbrain/vatbrain/internal/core/consolidation_engine.go:131.37,132.12 1 0
github.com/vatbrain/vatbrain/internal/core/consolidation_engine.go:135.3,137.35 3 0
github.com/vatbrain/vatbrain/internal/core/consolidation_engine.go:137.35,139.4 1 0
github.com/vatbrain/vatbrain/internal/core/consolidation_engine.go:141.3,157.51 3 0
github.com/vatbrain/vatbrain/internal/core/consolidation_engine.go:157.51,159.4 1 0
github.com/vatbrain/vatbrain/internal/core/consolidation_engine.go:162.3,162.34 1 0
github.com/vatbrain/vatbrain/internal/core/consolidation_engine.go:162.34,165.19 1 0
github.com/vatbrain/vatbrain/internal/core/consolidation_engine.go:165.19,167.5 1 0
github.com/vatbrain/vatbrain/internal/core/consolidation_engine.go:170.3,171.33 2 0
github.com/vatbrain/vatbrain/internal/core/consolidation_engine.go:171.33,173.4 1 0
github.com/vatbrain/vatbrain/internal/core/consolidation_engine.go:173.9,175.4 1 0
github.com/vatbrain/vatbrain/internal/core/consolidation_engine.go:177.2,177.20 1 0
github.com/vatbrain/vatbrain/internal/core/consolidation_engine.go:188.9,189.31 1 0
github.com/vatbrain/vatbrain/internal/core/consolidation_engine.go:189.31,191.3 1 0
github.com/vatbrain/vatbrain/internal/core/consolidation_engine.go:193.2,201.16 7 0
github.com/vatbrain/vatbrain/internal/core/consolidation_engine.go:201.16,203.3 1 0
github.com/vatbrain/vatbrain/internal/core/consolidation_engine.go:205.2,205.29 1 0
github.com/vatbrain/vatbrain/internal/core/consolidation_engine.go:205.29,207.59 1 0
github.com/vatbrain/vatbrain/internal/core/consolidation_engine.go:207.59,209.4 1 0
github.com/vatbrain/vatbrain/internal/core/consolidation_engine.go:212.3,212.44 1 0
github.com/vatbrain/vatbrain/internal/core/consolidation_engine.go:212.44,215.23 1 0
github.com/vatbrain/vatbrain/internal/core/consolidation_engine.go:215.23,217.5 1 0
github.com/vatbrain/vatbrain/internal/core/consolidation_engine.go:220.3,220.29 1 0
github.com/vatbrain/vatbrain/internal/core/consolidation_engine.go:222.2,222.12 1 0
github.com/vatbrain/vatbrain/internal/core/consolidation_engine.go:227.89,231.31 3 5
github.com/vatbrain/vatbrain/internal/core/consolidation_engine.go:231.31,233.32 2 16
github.com/vatbrain/vatbrain/internal/core/consolidation_engine.go:233.32,239.4 2 7
github.com/vatbrain/vatbrain/internal/core/consolidation_engine.go:240.3,240.60 1 16
github.com/vatbrain/vatbrain/internal/core/consolidation_engine.go:243.2,244.28 2 5
github.com/vatbrain/vatbrain/internal/core/consolidation_engine.go:244.28,246.34 2 7
github.com/vatbrain/vatbrain/internal/core/consolidation_engine.go:246.34,248.4 1 4
github.com/vatbrain/vatbrain/internal/core/consolidation_engine.go:250.2,250.17 1 5
github.com/vatbrain/vatbrain/internal/core/consolidation_engine.go:256.90,257.24 1 2
github.com/vatbrain/vatbrain/internal/core/consolidation_engine.go:257.24,260.35 3 0
github.com/vatbrain/vatbrain/internal/core/consolidation_engine.go:260.35,262.4 1 0
github.com/vatbrain/vatbrain/internal/core/consolidation_engine.go:263.3,263.79 1 0
github.com/vatbrain/vatbrain/internal/core/consolidation_engine.go:263.79,265.4 1 0
github.com/vatbrain/vatbrain/internal/core/consolidation_engine.go:268.2,270.34 3 2
github.com/vatbrain/vatbrain/internal/core/consolidation_engine.go:270.34,271.12 1 3
github.com/vatbrain/vatbrain/internal/core/consolidation_engine.go:271.12,273.4 1 1
github.com/vatbrain/vatbrain/internal/core/consolidation_engine.go:274.3,275.28 2 3
github.com/vatbrain/vatbrain/internal/core/consolidation_engine.go:277.2,277.19 1 2
github.com/vatbrain/vatbrain/internal/core/consolidation_engine.go:283.88,284.24 1 3
github.com/vatbrain/vatbrain/internal/core/consolidation_engine.go:284.24,286.22 2 0
github.com/vatbrain/vatbrain/internal/core/consolidation_engine.go:286.22,288.4 1 0
github.com/vatbrain/vatbrain/internal/core/consolidation_engine.go:289.3,289.21 1 0
github.com/vatbrain/vatbrain/internal/core/consolidation_engine.go:289.21,291.4 1 0
github.com/vatbrain/vatbrain/internal/core/consolidation_engine.go:292.3,294.35 3 0
github.com/vatbrain/vatbrain/internal/core/consolidation_engine.go:294.35,296.4 1 0
github.com/vatbrain/vatbrain/internal/core/consolidation_engine.go:297.3,297.79 1 0
github.com/vatbrain/vatbrain/internal/core/consolidation_engine.go:297.79,299.87 2 0
github.com/vatbrain/vatbrain/internal/core/consolidation_engine.go:299.87,300.33 1 0
github.com/vatbrain/vatbrain/internal/core/consolidation_engine.go:300.33,302.6 1 0
github.com/vatbrain/vatbrain/internal/core/consolidation_engine.go:307.2,307.43 1 3
github.com/vatbrain/vatbrain/internal/core/consolidation_engine.go:307.43,309.3 1 2
github.com/vatbrain/vatbrain/internal/core/consolidation_engine.go:310.2,310.12 1 1
github.com/vatbrain/vatbrain/internal/core/consolidation_engine.go:314.36,315.16 1 0
github.com/vatbrain/vatbrain/internal/core/consolidation_engine.go:315.16,317.3 1 0
github.com/vatbrain/vatbrain/internal/core/consolidation_engine.go:318.2,318.20 1 0
github.com/vatbrain/vatbrain/internal/core/link_on_write.go:18.143,24.16 2 0
github.com/vatbrain/vatbrain/internal/core/link_on_write.go:24.16,27.3 2 0
github.com/vatbrain/vatbrain/internal/core/link_on_write.go:29.2,29.28 1 0
github.com/vatbrain/vatbrain/internal/core/link_on_write.go:29.28,30.23 1 0
github.com/vatbrain/vatbrain/internal/core/link_on_write.go:30.23,31.12 1 0
github.com/vatbrain/vatbrain/internal/core/link_on_write.go:33.3,34.22 2 0
github.com/vatbrain/vatbrain/internal/core/link_on_write.go:34.22,35.12 1 0
github.com/vatbrain/vatbrain/internal/core/link_on_write.go:37.3,42.17 2 0
github.com/vatbrain/vatbrain/internal/core/link_on_write.go:42.17,44.4 1 0
github.com/vatbrain/vatbrain/internal/core/link_on_write.go:48.2,48.56 1 0
github.com/vatbrain/vatbrain/internal/core/link_on_write.go:48.56,50.17 2 0
github.com/vatbrain/vatbrain/internal/core/link_on_write.go:50.17,53.4 2 0
github.com/vatbrain/vatbrain/internal/core/link_on_write.go:54.3,55.30 2 0
github.com/vatbrain/vatbrain/internal/core/link_on_write.go:55.30,58.19 1 0
github.com/vatbrain/vatbrain/internal/core/link_on_write.go:58.19,60.13 2 0
github.com/vatbrain/vatbrain/internal/core/link_on_write.go:63.4,63.57 1 0
github.com/vatbrain/vatbrain/internal/core/link_on_write.go:63.57,65.5 1 0
github.com/vatbrain/vatbrain/internal/core/link_on_write.go:71.43,74.40 3 7
github.com/vatbrain/vatbrain/internal/core/link_on_write.go:74.40,76.3 1 3
github.com/vatbrain/vatbrain/internal/core/link_on_write.go:77.2,78.26 2 4
github.com/vatbrain/vatbrain/internal/core/link_on_write.go:78.26,80.3 1 15
github.com/vatbrain/vatbrain/internal/core/link_on_write.go:81.2,82.26 2 4
github.com/vatbrain/vatbrain/internal/core/link_on_write.go:82.26,83.27 1 15
github.com/vatbrain/vatbrain/internal/core/link_on_write.go:83.27,85.4 1 9
github.com/vatbrain/vatbrain/internal/core/link_on_write.go:87.2,88.47 2 4
github.com/vatbrain/vatbrain/internal/core/pattern_separation.go:23.52,27.2 1 6
github.com/vatbrain/vatbrain/internal/core/pattern_separation.go:42.20,45.34 2 7
github.com/vatbrain/vatbrain/internal/core/pattern_separation.go:45.34,47.3 1 2
github.com/vatbrain/vatbrain/internal/core/pattern_separation.go:50.2,50.48 1 5
github.com/vatbrain/vatbrain/internal/core/pattern_separation.go:50.48,52.3 1 1
github.com/vatbrain/vatbrain/internal/core/pattern_separation.go:53.2,53.46 1 4
github.com/vatbrain/vatbrain/internal/core/pattern_separation.go:53.46,55.3 1 1
github.com/vatbrain/vatbrain/internal/core/pattern_separation.go:59.2,59.46 1 3
github.com/vatbrain/vatbrain/internal/core/pattern_separation.go:59.46,61.3 1 1
github.com/vatbrain/vatbrain/internal/core/pattern_separation.go:63.2,63.80 1 2
github.com/vatbrain/vatbrain/internal/core/pattern_separation.go:75.47,76.52 1 20
github.com/vatbrain/vatbrain/internal/core/pattern_separation.go:76.52,78.3 1 3
github.com/vatbrain/vatbrain/internal/core/pattern_separation.go:80.2,81.19 2 17
github.com/vatbrain/vatbrain/internal/core/pattern_separation.go:81.19,85.3 3 44
github.com/vatbrain/vatbrain/internal/core/pattern_separation.go:87.2,87.30 1 17
github.com/vatbrain/vatbrain/internal/core/pattern_separation.go:87.30,89.3 1 1
github.com/vatbrain/vatbrain/internal/core/pattern_separation.go:91.2,91.48 1 16
github.com/vatbrain/vatbrain/internal/core/pattern_separation.go:96.33,98.2 1 32
github.com/vatbrain/vatbrain/internal/core/pitfall_extractor.go:68.81,71.31 2 8
github.com/vatbrain/vatbrain/internal/core/pitfall_extractor.go:71.31,72.63 1 17
github.com/vatbrain/vatbrain/internal/core/pitfall_extractor.go:72.63,74.4 1 13
github.com/vatbrain/vatbrain/internal/core/pitfall_extractor.go:76.2,76.24 1 8
github.com/vatbrain/vatbrain/internal/core/pitfall_extractor.go:76.24,78.3 1 3
github.com/vatbrain/vatbrain/internal/core/pitfall_extractor.go:81.2,85.27 3 5
github.com/vatbrain/vatbrain/internal/core/pitfall_extractor.go:85.27,86.43 1 6
github.com/vatbrain/vatbrain/internal/core/pitfall_extractor.go:86.43,87.12 1 1
github.com/vatbrain/vatbrain/internal/core/pitfall_extractor.go:89.3,91.34 3 5
github.com/vatbrain/vatbrain/internal/core/pitfall_extractor.go:91.34,92.45 1 5
github.com/vatbrain/vatbrain/internal/core/pitfall_extractor.go:92.45,93.13 1 0
github.com/vatbrain/vatbrain/internal/core/pitfall_extractor.go:95.4,96.25 2 5
github.com/vatbrain/vatbrain/internal/core/pitfall_extractor.go:96.25,99.13 2 1
github.com/vatbrain/vatbrain/internal/core/pitfall_extractor.go:101.4,101.37 1 4
github.com/vatbrain/vatbrain/internal/core/pitfall_extractor.go:106.2,109.46 3 5
github.com/vatbrain/vatbrain/internal/core/pitfall_extractor.go:113.72,115.31 2 6
github.com/vatbrain/vatbrain/internal/core/pitfall_extractor.go:115.31,117.10 2 16
github.com/vatbrain/vatbrain/internal/core/pitfall_extractor.go:117.10,120.4 2 8
github.com/vatbrain/vatbrain/internal/core/pitfall_extractor.go:121.3,121.40 1 16
github.com/vatbrain/vatbrain/internal/core/pitfall_extractor.go:123.2,124.27 2 6
github.com/vatbrain/vatbrain/internal/core/pitfall_extractor.go:124.27,126.3 1 8
github.com/vatbrain/vatbrain/internal/core/pitfall_extractor.go:127.2,127.15 1 6
github.com/vatbrain/vatbrain/internal/core/pitfall_extractor.go:133.89,135.12 2 8
github.com/vatbrain/vatbrain/internal/core/pitfall_extractor.go:135.12,137.3 1 1
github.com/vatbrain/vatbrain/internal/core/pitfall_extractor.go:140.2,141.33 2 7
github.com/vatbrain/vatbrain/internal/core/pitfall_extractor.go:141.33,143.17 2 17
github.com/vatbrain/vatbrain/internal/core/pitfall_extractor.go:143.17,147.12 3 0
github.com/vatbrain/vatbrain/internal/core/pitfall_extractor.go:149.3,149.42 1 17
github.com/vatbrain/vatbrain/internal/core/pitfall_extractor.go:153.2,154.25 2 7
github.com/vatbrain/vatbrain/internal/core/pitfall_extractor.go:154.25,156.3 1 17
github.com/vatbrain/vatbrain/internal/core/pitfall_extractor.go:159.2,159.6 1 7
github.com/vatbrain/vatbrain/internal/core/pitfall_extractor.go:159.6,161.38 2 15
github.com/vatbrain/vatbrain/internal/core/pitfall_extractor.go:161.38,162.43 1 27
github.com/vatbrain/vatbrain/internal/core/pitfall_extractor.go:162.43,164.22 2 15
github.com/vatbrain/vatbrain/internal/core/pitfall_extractor.go:164.22,168.6 3 9
github.com/vatbrain/vatbrain/internal/core/pitfall_extractor.go:171.3,171.47 1 15
github.com/vatbrain/vatbrain/internal/core/pitfall_extractor.go:171.47,172.9 1 7
github.com/vatbrain/vatbrain/internal/core/pitfall_extractor.go:175.3,176.61 2 8
github.com/vatbrain/vatbrain/internal/core/pitfall_extractor.go:180.2,181.35 2 7
github.com/vatbrain/vatbrain/internal/core/pitfall_extractor.go:181.35,182.30 1 9
github.com/vatbrain/vatbrain/internal/core/pitfall_extractor.go:182.30,184.4 1 17
github.com/vatbrain/vatbrain/internal/core/pitfall_extractor.go:186.2,186.15 1 7
github.com/vatbrain/vatbrain/internal/core/pitfall_extractor.go:191.68,192.32 1 15
github.com/vatbrain/vatbrain/internal/core/pitfall_extractor.go:192.32,194.3 1 0
github.com/vatbrain/vatbrain/internal/core/pitfall_extractor.go:195.2,197.23 3 15
github.com/vatbrain/vatbrain/internal/core/pitfall_extractor.go:197.23,198.28 1 17
github.com/vatbrain/vatbrain/internal/core/pitfall_extractor.go:198.28,199.12 1 0
github.com/vatbrain/vatbrain/internal/core/pitfall_extractor.go:201.3,201.24 1 17
github.com/vatbrain/vatbrain/internal/core/pitfall_extractor.go:201.24,202.29 1 17
github.com/vatbrain/vatbrain/internal/core/pitfall_extractor.go:202.29,203.13 1 0
github.com/vatbrain/vatbrain/internal/core/pitfall_extractor.go:205.4,207.11 3 17
github.com/vatbrain/vatbrain/internal/core/pitfall_extractor.go:210.2,210.16 1 15
github.com/vatbrain/vatbrain/internal/core/pitfall_extractor.go:210.16,212.3 1 0
github.com/vatbrain/vatbrain/internal/core/pitfall_extractor.go:213.2,213.31 1 15
github.com/vatbrain/vatbrain/internal/core/pitfall_extractor.go:221.33,224.27 3 5
github.com/vatbrain/vatbrain/internal/core/pitfall_extractor.go:224.27,227.3 2 5
github.com/vatbrain/vatbrain/internal/core/pitfall_extractor.go:229.2,230.34 2 5
github.com/vatbrain/vatbrain/internal/core/pitfall_extractor.go:230.34,232.3 1 11
github.com/vatbrain/vatbrain/internal/core/pitfall_extractor.go:234.2,234.25 1 5
github.com/vatbrain/vatbrain/internal/core/pitfall_extractor.go:234.25,236.3 1 2
github.com/vatbrain/vatbrain/internal/core/pitfall_extractor.go:237.2,237.74 1 3
github.com/vatbrain/vatbrain/internal/core/pitfall_extractor.go:244.33,263.34 4 2
github.com/vatbrain/vatbrain/internal/core/pitfall_extractor.go:263.34,265.3 1 4
github.com/vatbrain/vatbrain/internal/core/pitfall_extractor.go:267.2,268.16 2 2
github.com/vatbrain/vatbrain/internal/core/pitfall_extractor.go:268.16,270.3 1 1
github.com/vatbrain/vatbrain/internal/core/pitfall_extractor.go:272.2,273.16 2 1
github.com/vatbrain/vatbrain/internal/core/pitfall_extractor.go:273.16,275.3 1 0
github.com/vatbrain/vatbrain/internal/core/pitfall_extractor.go:277.2,295.37 3 1
github.com/vatbrain/vatbrain/internal/core/pitfall_extractor.go:295.37,297.3 1 0
github.com/vatbrain/vatbrain/internal/core/pitfall_extractor.go:298.2,298.16 1 1
github.com/vatbrain/vatbrain/internal/core/pitfall_extractor.go:305.33,328.2 5 3
github.com/vatbrain/vatbrain/internal/core/pitfall_extractor.go:332.65,336.36 2 6
github.com/vatbrain/vatbrain/internal/core/pitfall_extractor.go:336.36,338.15 2 2
github.com/vatbrain/vatbrain/internal/core/pitfall_extractor.go:338.15,340.4 1 2
github.com/vatbrain/vatbrain/internal/core/pitfall_extractor.go:341.3,341.54 1 2
github.com/vatbrain/vatbrain/internal/core/pitfall_extractor.go:341.54,343.4 1 2
github.com/vatbrain/vatbrain/internal/core/pitfall_extractor.go:344.3,344.33 1 2
github.com/vatbrain/vatbrain/internal/core/pitfall_extractor.go:347.2,348.62 2 6
github.com/vatbrain/vatbrain/internal/core/pitfall_extractor.go:348.62,352.32 3 2
github.com/vatbrain/vatbrain/internal/core/pitfall_extractor.go:352.32,353.79 1 1
github.com/vatbrain/vatbrain/internal/core/pitfall_extractor.go:353.79,355.5 1 0
github.com/vatbrain/vatbrain/internal/core/pitfall_extractor.go:356.9,358.4 1 1
github.com/vatbrain/vatbrain/internal/core/pitfall_extractor.go:360.2,360.20 1 5
github.com/vatbrain/vatbrain/internal/core/pitfall_extractor.go:373.26,374.24 1 9
github.com/vatbrain/vatbrain/internal/core/pitfall_extractor.go:374.24,376.3 1 5
github.com/vatbrain/vatbrain/internal/core/pitfall_extractor.go:379.2,380.29 2 4
github.com/vatbrain/vatbrain/internal/core/pitfall_extractor.go:380.29,382.17 2 8
github.com/vatbrain/vatbrain/internal/core/pitfall_extractor.go:382.17,384.12 2 0
github.com/vatbrain/vatbrain/internal/core/pitfall_extractor.go:386.3,386.36 1 8
github.com/vatbrain/vatbrain/internal/core/pitfall_extractor.go:390.2,393.26 3 4
github.com/vatbrain/vatbrain/internal/core/pitfall_extractor.go:393.26,394.18 1 8
github.com/vatbrain/vatbrain/internal/core/pitfall_extractor.go:394.18,395.12 1 1
github.com/vatbrain/vatbrain/internal/core/pitfall_extractor.go:397.3,400.42 3 7
github.com/vatbrain/vatbrain/internal/core/pitfall_extractor.go:400.42,401.67 1 4
github.com/vatbrain/vatbrain/internal/core/pitfall_extractor.go:401.67,402.13 1 3
github.com/vatbrain/vatbrain/internal/core/pitfall_extractor.go:404.4,404.40 1 1
github.com/vatbrain/vatbrain/internal/core/pitfall_extractor.go:404.40,406.33 2 1
github.com/vatbrain/vatbrain/internal/core/pitfall_extractor.go:406.33,409.6 2 1
github.com/vatbrain/vatbrain/internal/core/pitfall_extractor.go:410.10,410.61 1 0
github.com/vatbrain/vatbrain/internal/core/pitfall_extractor.go:410.61,413.5 2 0
github.com/vatbrain/vatbrain/internal/core/pitfall_extractor.go:415.3,415.30 1 7
github.com/vatbrain/vatbrain/internal/core/pitfall_extractor.go:418.2,419.29 2 4
github.com/vatbrain/vatbrain/internal/core/pitfall_extractor.go:419.29,420.27 1 7
github.com/vatbrain/vatbrain/internal/core/pitfall_extractor.go:420.27,422.4 1 6
github.com/vatbrain/vatbrain/internal/core/pitfall_extractor.go:422.9,424.4 1 1
github.com/vatbrain/vatbrain/internal/core/pitfall_extractor.go:426.2,426.15 1 4
github.com/vatbrain/vatbrain/internal/core/pitfall_extractor.go:431.123,433.33 2 3
github.com/vatbrain/vatbrain/internal/core/pitfall_extractor.go:433.33,434.24 1 6
github.com/vatbrain/vatbrain/internal/core/pitfall_extractor.go:434.24,435.12 1 3
github.com/vatbrain/vatbrain/internal/core/pitfall_extractor.go:437.3,439.54 2 3
github.com/vatbrain/vatbrain/internal/core/pitfall_extractor.go:439.54,444.4 4 1
github.com/vatbrain/vatbrain/internal/core/pitfall_extractor.go:445.3,447.56 3 3
github.com/vatbrain/vatbrain/internal/core/pitfall_extractor.go:447.56,449.4 1 2
github.com/vatbrain/vatbrain/internal/core/pitfall_extractor.go:450.3,450.34 1 3
github.com/vatbrain/vatbrain/internal/core/pitfall_extractor.go:450.34,451.92 1 1
github.com/vatbrain/vatbrain/internal/core/pitfall_extractor.go:451.92,453.5 1 0
github.com/vatbrain/vatbrain/internal/core/pitfall_extractor.go:455.3,455.29 1 3
github.com/vatbrain/vatbrain/internal/core/pitfall_extractor.go:455.29,457.4 1 1
github.com/vatbrain/vatbrain/internal/core/pitfall_extractor.go:459.2,459.16 1 3
github.com/vatbrain/vatbrain/internal/core/pitfall_extractor.go:464.57,465.9 1 12
github.com/vatbrain/vatbrain/internal/core/pitfall_extractor.go:466.44,467.35 1 6
github.com/vatbrain/vatbrain/internal/core/pitfall_extractor.go:468.46,469.33 1 1
github.com/vatbrain/vatbrain/internal/core/pitfall_extractor.go:470.43,471.30 1 1
github.com/vatbrain/vatbrain/internal/core/pitfall_extractor.go:472.46,473.33 1 1
github.com/vatbrain/vatbrain/internal/core/pitfall_extractor.go:474.45,475.32 1 1
github.com/vatbrain/vatbrain/internal/core/pitfall_extractor.go:476.10,477.35 1 2
github.com/vatbrain/vatbrain/internal/core/reconsolidation_engine.go:33.60,39.2 1 7
github.com/vatbrain/vatbrain/internal/core/reconsolidation_engine.go:67.35,72.23 3 8
github.com/vatbrain/vatbrain/internal/core/reconsolidation_engine.go:73.18,74.74 1 3
github.com/vatbrain/vatbrain/internal/core/reconsolidation_engine.go:75.18,76.83 1 4
github.com/vatbrain/vatbrain/internal/core/reconsolidation_engine.go:77.17,78.82 1 0
github.com/vatbrain/vatbrain/internal/core/reconsolidation_engine.go:79.10,80.86 1 1
github.com/vatbrain/vatbrain/internal/core/reconsolidation_engine.go:91.35,93.16 2 3
github.com/vatbrain/vatbrain/internal/core/reconsolidation_engine.go:93.16,95.3 1 0
github.com/vatbrain/vatbrain/internal/core/reconsolidation_engine.go:97.2,101.93 4 3
github.com/vatbrain/vatbrain/internal/core/reconsolidation_engine.go:101.93,103.3 1 0
github.com/vatbrain/vatbrain/internal/core/reconsolidation_engine.go:106.2,109.42 2 3
github.com/vatbrain/vatbrain/internal/core/reconsolidation_engine.go:109.42,113.3 3 1
github.com/vatbrain/vatbrain/internal/core/reconsolidation_engine.go:115.2,119.8 1 3
github.com/vatbrain/vatbrain/internal/core/reconsolidation_engine.go:131.35,134.16 2 4
github.com/vatbrain/vatbrain/internal/core/reconsolidation_engine.go:134.16,136.3 1 0
github.com/vatbrain/vatbrain/internal/core/reconsolidation_engine.go:138.2,139.48 2 4
github.com/vatbrain/vatbrain/internal/core/reconsolidation_engine.go:139.48,141.3 1 1
github.com/vatbrain/vatbrain/internal/core/reconsolidation_engine.go:143.2,143.29 1 3
github.com/vatbrain/vatbrain/internal/core/reconsolidation_engine.go:143.29,144.25 1 7
github.com/vatbrain/vatbrain/internal/core/reconsolidation_engine.go:144.25,146.12 2 1
github.com/vatbrain/vatbrain/internal/core/reconsolidation_engine.go:148.3,151.20 3 6
github.com/vatbrain/vatbrain/internal/core/reconsolidation_engine.go:151.20,153.12 2 1
github.com/vatbrain/vatbrain/internal/core/reconsolidation_engine.go:156.3,158.98 3 5
github.com/vatbrain/vatbrain/internal/core/reconsolidation_engine.go:158.98,160.12 2 0
github.com/vatbrain/vatbrain/internal/core/reconsolidation_engine.go:164.3,168.43 4 5
github.com/vatbrain/vatbrain/internal/core/reconsolidation_engine.go:168.43,171.4 2 3
github.com/vatbrain/vatbrain/internal/core/reconsolidation_engine.go:173.3,174.51 2 5
github.com/vatbrain/vatbrain/internal/core/reconsolidation_engine.go:177.2,177.20 1 3
github.com/vatbrain/vatbrain/internal/core/reconsolidation_engine.go:190.35,192.16 2 0
github.com/vatbrain/vatbrain/internal/core/reconsolidation_engine.go:192.16,194.3 1 0
github.com/vatbrain/vatbrain/internal/core/reconsolidation_engine.go:196.2,197.48 2 0
github.com/vatbrain/vatbrain/internal/core/reconsolidation_engine.go:197.48,199.3 1 0
github.com/vatbrain/vatbrain/internal/core/reconsolidation_engine.go:201.2,201.29 1 0
github.com/vatbrain/vatbrain/internal/core/reconsolidation_engine.go:201.29,202.25 1 0
github.com/vatbrain/vatbrain/internal/core/reconsolidation_engine.go:202.25,204.12 2 0
github.com/vatbrain/vatbrain/internal/core/reconsolidation_engine.go:206.3,209.20 3 0
github.com/vatbrain/vatbrain/internal/core/reconsolidation_engine.go:209.20,211.12 2 0
github.com/vatbrain/vatbrain/internal/core/reconsolidation_engine.go:214.3,216.98 3 0
github.com/vatbrain/vatbrain/internal/core/reconsolidation_engine.go:216.98,218.12 2 0
github.com/vatbrain/vatbrain/internal/core/reconsolidation_engine.go:221.3,221.43 1 0
github.com/vatbrain/vatbrain/internal/core/reconsolidation_engine.go:221.43,225.4 3 0
github.com/vatbrain/vatbrain/internal/core/reconsolidation_engine.go:227.3,228.51 2 0
github.com/vatbrain/vatbrain/internal/core/reconsolidation_engine.go:231.2,231.20 1 0
github.com/vatbrain/vatbrain/internal/core/retrieval_engine.go:26.48,31.2 1 3
github.com/vatbrain/vatbrain/internal/core/retrieval_engine.go:51.22,53.31 2 9
github.com/vatbrain/vatbrain/internal/core/retrieval_engine.go:53.31,54.35 1 26
github.com/vatbrain/vatbrain/internal/core/retrieval_engine.go:54.35,55.12 1 3
github.com/vatbrain/vatbrain/internal/core/retrieval_engine.go:57.3,57.33 1 23
github.com/vatbrain/vatbrain/internal/core/retrieval_engine.go:57.33,58.12 1 1
github.com/vatbrain/vatbrain/internal/core/retrieval_engine.go:60.3,60.27 1 22
github.com/vatbrain/vatbrain/internal/core/retrieval_engine.go:60.27,61.12 1 1
github.com/vatbrain/vatbrain/internal/core/retrieval_engine.go:63.3,63.34 1 21
github.com/vatbrain/vatbrain/internal/core/retrieval_engine.go:63.34,64.12 1 1
github.com/vatbrain/vatbrain/internal/core/retrieval_engine.go:66.3,69.5 1 20
github.com/vatbrain/vatbrain/internal/core/retrieval_engine.go:71.2,71.16 1 9
github.com/vatbrain/vatbrain/internal/core/retrieval_engine.go:79.22,81.31 2 5
github.com/vatbrain/vatbrain/internal/core/retrieval_engine.go:81.31,83.29 2 16
github.com/vatbrain/vatbrain/internal/core/retrieval_engine.go:83.29,85.4 1 5
github.com/vatbrain/vatbrain/internal/core/retrieval_engine.go:86.3,89.4 1 16
github.com/vatbrain/vatbrain/internal/core/retrieval_engine.go:91.2,91.17 1 5
github.com/vatbrain/vatbrain/internal/core/retrieval_engine.go:101.51,107.39 4 5
github.com/vatbrain/vatbrain/internal/core/retrieval_engine.go:107.39,109.3 1 13
github.com/vatbrain/vatbrain/internal/core/retrieval_engine.go:111.2,111.31 1 5
github.com/vatbrain/vatbrain/internal/core/retrieval_engine.go:111.31,113.3 1 1
github.com/vatbrain/vatbrain/internal/core/retrieval_engine.go:115.2,120.20 2 5
github.com/vatbrain/vatbrain/internal/core/retrieval_engine.go:139.18,141.43 2 5
github.com/vatbrain/vatbrain/internal/core/retrieval_engine.go:141.43,147.3 2 6
github.com/vatbrain/vatbrain/internal/core/retrieval_engine.go:149.2,149.42 1 5
github.com/vatbrain/vatbrain/internal/core/retrieval_engine.go:149.42,151.3 1 4
github.com/vatbrain/vatbrain/internal/core/retrieval_engine.go:153.2,153.16 1 5
github.com/vatbrain/vatbrain/internal/core/retrieval_engine.go:178.93,183.20 4 3
github.com/vatbrain/vatbrain/internal/core/retrieval_engine.go:183.20,185.3 1 0
github.com/vatbrain/vatbrain/internal/core/retrieval_engine.go:186.2,187.18 2 3
github.com/vatbrain/vatbrain/internal/core/retrieval_engine.go:187.18,189.3 1 0
github.com/vatbrain/vatbrain/internal/core/retrieval_engine.go:191.2,199.29 3 3
github.com/vatbrain/vatbrain/internal/core/retrieval_engine.go:199.29,201.3 1 3
github.com/vatbrain/vatbrain/internal/core/retrieval_engine.go:202.2,203.47 2 3
github.com/vatbrain/vatbrain/internal/core/retrieval_engine.go:203.47,204.35 1 4
github.com/vatbrain/vatbrain/internal/core/retrieval_engine.go:204.35,206.4 1 3
github.com/vatbrain/vatbrain/internal/core/retrieval_engine.go:209.2,213.37 4 3
github.com/vatbrain/vatbrain/internal/core/retrieval_engine.go:213.37,215.3 1 2
github.com/vatbrain/vatbrain/internal/core/retrieval_engine.go:216.2,222.3 2 3
github.com/vatbrain/vatbrain/internal/core/significance_gate.go:22.50,27.2 1 7
github.com/vatbrain/vatbrain/internal/core/significance_gate.go:37.102,39.25 1 10
github.com/vatbrain/vatbrain/internal/core/significance_gate.go:39.25,41.3 1 2
github.com/vatbrain/vatbrain/internal/core/significance_gate.go:44.2,44.71 1 8
github.com/vatbrain/vatbrain/internal/core/significance_gate.go:44.71,46.3 1 1
github.com/vatbrain/vatbrain/internal/core/significance_gate.go:49.2,49.54 1 7
github.com/vatbrain/vatbrain/internal/core/significance_gate.go:49.54,51.3 1 2
github.com/vatbrain/vatbrain/internal/core/significance_gate.go:54.2,54.59 1 5
github.com/vatbrain/vatbrain/internal/core/significance_gate.go:54.59,56.3 1 1
github.com/vatbrain/vatbrain/internal/core/significance_gate.go:58.2,58.68 1 4
github.com/vatbrain/vatbrain/internal/core/significance_gate.go:64.97,66.27 2 8
github.com/vatbrain/vatbrain/internal/core/significance_gate.go:66.27,67.45 1 5
github.com/vatbrain/vatbrain/internal/core/significance_gate.go:67.45,69.4 1 5
github.com/vatbrain/vatbrain/internal/core/significance_gate.go:71.2,71.14 1 8
github.com/vatbrain/vatbrain/internal/core/significance_gate.go:78.37,85.28 4 8
github.com/vatbrain/vatbrain/internal/core/significance_gate.go:85.28,87.3 1 1
github.com/vatbrain/vatbrain/internal/core/significance_gate.go:89.2,90.28 2 7
github.com/vatbrain/vatbrain/internal/core/significance_gate.go:90.28,92.3 1 27
github.com/vatbrain/vatbrain/internal/core/significance_gate.go:94.2,95.28 2 7
github.com/vatbrain/vatbrain/internal/core/significance_gate.go:95.28,96.26 1 29
github.com/vatbrain/vatbrain/internal/core/significance_gate.go:96.26,98.4 1 9
github.com/vatbrain/vatbrain/internal/core/significance_gate.go:102.2,102.18 1 7
github.com/vatbrain/vatbrain/internal/core/significance_gate.go:102.18,104.3 1 0
github.com/vatbrain/vatbrain/internal/core/significance_gate.go:105.2,106.20 2 7
github.com/vatbrain/vatbrain/internal/core/significance_gate.go:106.20,108.3 1 1
github.com/vatbrain/vatbrain/internal/core/significance_gate.go:109.2,109.48 1 7
github.com/vatbrain/vatbrain/internal/core/significance_gate.go:113.34,116.22 3 32
github.com/vatbrain/vatbrain/internal/core/significance_gate.go:116.22,117.20 1 826
github.com/vatbrain/vatbrain/internal/core/significance_gate.go:117.20,118.17 1 733
github.com/vatbrain/vatbrain/internal/core/significance_gate.go:118.17,120.5 1 123
github.com/vatbrain/vatbrain/internal/core/significance_gate.go:121.9,122.33 1 93
github.com/vatbrain/vatbrain/internal/core/significance_gate.go:122.33,124.5 1 70
github.com/vatbrain/vatbrain/internal/core/significance_gate.go:125.4,125.14 1 93
github.com/vatbrain/vatbrain/internal/core/significance_gate.go:128.2,128.36 1 32
github.com/vatbrain/vatbrain/internal/core/significance_gate.go:128.36,130.3 1 22
github.com/vatbrain/vatbrain/internal/core/significance_gate.go:131.2,131.15 1 32
github.com/vatbrain/vatbrain/internal/core/significance_gate.go:135.30,137.2 1 826
github.com/vatbrain/vatbrain/internal/core/significance_gate.go:139.31,141.30 2 92
github.com/vatbrain/vatbrain/internal/core/significance_gate.go:141.30,143.27 2 654
github.com/vatbrain/vatbrain/internal/core/significance_gate.go:143.27,145.4 1 27
github.com/vatbrain/vatbrain/internal/core/significance_gate.go:146.3,146.11 1 654
github.com/vatbrain/vatbrain/internal/core/significance_gate.go:148.2,148.18 1 92
github.com/vatbrain/vatbrain/internal/core/weight_decay.go:34.52,41.2 1 12
github.com/vatbrain/vatbrain/internal/core/weight_decay.go:46.101,48.38 2 10
github.com/vatbrain/vatbrain/internal/core/weight_decay.go:48.38,51.3 2 34
github.com/vatbrain/vatbrain/internal/core/weight_decay.go:52.2,52.14 1 10
github.com/vatbrain/vatbrain/internal/core/weight_decay.go:62.11,66.2 3 7
github.com/vatbrain/vatbrain/internal/core/weight_decay.go:69.59,71.2 1 4
github.com/vatbrain/vatbrain/internal/core/weight_decay.go:80.40,81.32 1 4
github.com/vatbrain/vatbrain/internal/core/weight_decay.go:81.32,83.3 1 1
github.com/vatbrain/vatbrain/internal/core/weight_decay.go:84.2,87.14 4 3
github.com/vatbrain/vatbrain/internal/core/weight_decay.go:91.44,92.18 1 48
github.com/vatbrain/vatbrain/internal/core/weight_decay.go:92.18,94.3 1 27
github.com/vatbrain/vatbrain/internal/core/weight_decay.go:95.2,95.34 1 21
github.com/vatbrain/vatbrain/internal/mcp/consolidation_tool.go:15.61,29.92 2 8
github.com/vatbrain/vatbrain/internal/mcp/consolidation_tool.go:29.92,30.56 1 1
github.com/vatbrain/vatbrain/internal/mcp/consolidation_tool.go:30.56,32.5 1 1
github.com/vatbrain/vatbrain/internal/mcp/consolidation_tool.go:33.4,33.63 1 1
github.com/vatbrain/vatbrain/internal/mcp/consolidation_tool.go:33.63,35.5 1 1
github.com/vatbrain/vatbrain/internal/mcp/consolidation_tool.go:36.4,36.73 1 1
github.com/vatbrain/vatbrain/internal/mcp/consolidation_tool.go:36.73,38.5 1 0
github.com/vatbrain/vatbrain/internal/mcp/consolidation_tool.go:40.4,48.70 4 1
github.com/vatbrain/vatbrain/internal/mcp/consolidation_tool.go:48.70,50.5 1 0
github.com/vatbrain/vatbrain/internal/mcp/consolidation_tool.go:52.4,52.14 1 1
github.com/vatbrain/vatbrain/internal/mcp/consolidation_tool.go:52.14,53.18 1 1
github.com/vatbrain/vatbrain/internal/mcp/consolidation_tool.go:53.18,54.38 1 1
github.com/vatbrain/vatbrain/internal/mcp/consolidation_tool.go:54.38,56.7 1 0
github.com/vatbrain/vatbrain/internal/mcp/consolidation_tool.go:59.5,60.20 2 1
github.com/vatbrain/vatbrain/internal/mcp/consolidation_tool.go:60.20,62.6 1 0
github.com/vatbrain/vatbrain/internal/mcp/consolidation_tool.go:64.5,64.78 1 1
github.com/vatbrain/vatbrain/internal/mcp/consolidation_tool.go:64.78,66.6 1 0
github.com/vatbrain/vatbrain/internal/mcp/consolidation_tool.go:69.4,74.19 2 1
github.com/vatbrain/vatbrain/internal/mcp/consolidation_tool.go:74.19,76.5 1 0
github.com/vatbrain/vatbrain/internal/mcp/consolidation_tool.go:77.4,77.20 1 1
github.com/vatbrain/vatbrain/internal/mcp/health_tool.go:11.52,18.90 2 8
github.com/vatbrain/vatbrain/internal/mcp/health_tool.go:18.90,19.51 1 1
github.com/vatbrain/vatbrain/internal/mcp/health_tool.go:19.51,24.17 2 0
github.com/vatbrain/vatbrain/internal/mcp/health_tool.go:24.17,26.6 1 0
github.com/vatbrain/vatbrain/internal/mcp/health_tool.go:27.5,27.21 1 0
github.com/vatbrain/vatbrain/internal/mcp/health_tool.go:30.4,31.16 2 1
github.com/vatbrain/vatbrain/internal/mcp/health_tool.go:31.16,33.5 1 0
github.com/vatbrain/vatbrain/internal/mcp/health_tool.go:34.4,34.20 1 1
github.com/vatbrain/vatbrain/internal/mcp/helpers.go:4.37,5.11 1 0
github.com/vatbrain/vatbrain/internal/mcp/helpers.go:5.11,7.3 1 0
github.com/vatbrain/vatbrain/internal/mcp/helpers.go:8.2,8.11 1 0
github.com/vatbrain/vatbrain/internal/mcp/helpers.go:8.11,10.3 1 0
github.com/vatbrain/vatbrain/internal/mcp/helpers.go:11.2,11.10 1 0
github.com/vatbrain/vatbrain/internal/mcp/mcp_server.go:13.49,19.40 2 0
github.com/vatbrain/vatbrain/internal/mcp/mcp_server.go:19.40,21.3 1 0
github.com/vatbrain/vatbrain/internal/mcp/mcp_server.go:22.2,22.10 1 0
github.com/vatbrain/vatbrain/internal/mcp/mcp_server.go:27.54,37.2 1 8
github.com/vatbrain/vatbrain/internal/mcp/pitfall_tool.go:16.55,34.92 2 8
github.com/vatbrain/vatbrain/internal/mcp/pitfall_tool.go:34.92,40.17 6 0
github.com/vatbrain/vatbrain/internal/mcp/pitfall_tool.go:40.17,42.5 1 0
github.com/vatbrain/vatbrain/internal/mcp/pitfall_tool.go:44.4,47.22 3 0
github.com/vatbrain/vatbrain/internal/mcp/pitfall_tool.go:47.22,49.5 1 0
github.com/vatbrain/vatbrain/internal/mcp/pitfall_tool.go:49.10,55.20 2 0
github.com/vatbrain/vatbrain/internal/mcp/pitfall_tool.go:55.20,57.23 2 0
github.com/vatbrain/vatbrain/internal/mcp/pitfall_tool.go:57.23,59.7 1 0
github.com/vatbrain/vatbrain/internal/mcp/pitfall_tool.go:61.5,61.51 1 0
github.com/vatbrain/vatbrain/internal/mcp/pitfall_tool.go:63.4,63.18 1 0
github.com/vatbrain/vatbrain/internal/mcp/pitfall_tool.go:63.18,65.5 1 0
github.com/vatbrain/vatbrain/internal/mcp/pitfall_tool.go:68.4,68.45 1 0
github.com/vatbrain/vatbrain/internal/mcp/pitfall_tool.go:68.45,69.69 1 0
github.com/vatbrain/vatbrain/internal/mcp/pitfall_tool.go:69.69,71.6 1 0
github.com/vatbrain/vatbrain/internal/mcp/pitfall_tool.go:72.5,72.67 1 0
github.com/vatbrain/vatbrain/internal/mcp/pitfall_tool.go:72.67,74.6 1 0
github.com/vatbrain/vatbrain/internal/mcp/pitfall_tool.go:75.5,75.51 1 0
github.com/vatbrain/vatbrain/internal/mcp/pitfall_tool.go:78.4,90.29 3 0
github.com/vatbrain/vatbrain/internal/mcp/pitfall_tool.go:90.29,92.5 1 0
github.com/vatbrain/vatbrain/internal/mcp/pitfall_tool.go:93.4,94.39 2 0
github.com/vatbrain/vatbrain/internal/mcp/pitfall_tool.go:94.39,105.5 1 0
github.com/vatbrain/vatbrain/internal/mcp/pitfall_tool.go:107.4,108.19 2 0
github.com/vatbrain/vatbrain/internal/mcp/pitfall_tool.go:108.19,110.5 1 0
github.com/vatbrain/vatbrain/internal/mcp/pitfall_tool.go:111.4,111.20 1 0
github.com/vatbrain/vatbrain/internal/mcp/search_tool.go:18.55,40.92 2 8
github.com/vatbrain/vatbrain/internal/mcp/search_tool.go:40.92,42.18 2 1
github.com/vatbrain/vatbrain/internal/mcp/search_tool.go:42.18,44.5 1 1
github.com/vatbrain/vatbrain/internal/mcp/search_tool.go:45.4,46.17 2 0
github.com/vatbrain/vatbrain/internal/mcp/search_tool.go:46.17,48.5 1 0
github.com/vatbrain/vatbrain/internal/mcp/search_tool.go:50.4,59.21 4 0
github.com/vatbrain/vatbrain/internal/mcp/search_tool.go:59.21,61.5 1 0
github.com/vatbrain/vatbrain/internal/mcp/search_tool.go:64.4,71.19 2 0
github.com/vatbrain/vatbrain/internal/mcp/search_tool.go:71.19,73.5 1 0
github.com/vatbrain/vatbrain/internal/mcp/search_tool.go:75.4,80.33 4 0
github.com/vatbrain/vatbrain/internal/mcp/search_tool.go:80.33,82.5 1 0
github.com/vatbrain/vatbrain/internal/mcp/search_tool.go:84.4,85.31 2 0
github.com/vatbrain/vatbrain/internal/mcp/search_tool.go:85.31,87.12 2 0
github.com/vatbrain/vatbrain/internal/mcp/search_tool.go:87.12,88.14 1 0
github.com/vatbrain/vatbrain/internal/mcp/search_tool.go:90.5,97.7 1 0
github.com/vatbrain/vatbrain/internal/mcp/search_tool.go:101.4,104.21 2 0
github.com/vatbrain/vatbrain/internal/mcp/search_tool.go:104.21,106.5 1 0
github.com/vatbrain/vatbrain/internal/mcp/search_tool.go:107.4,107.34 1 0
github.com/vatbrain/vatbrain/internal/mcp/search_tool.go:107.34,108.46 1 0
github.com/vatbrain/vatbrain/internal/mcp/search_tool.go:108.46,118.6 1 0
github.com/vatbrain/vatbrain/internal/mcp/search_tool.go:122.4,122.47 1 0
github.com/vatbrain/vatbrain/internal/mcp/search_tool.go:122.47,124.21 2 0
github.com/vatbrain/vatbrain/internal/mcp/search_tool.go:124.21,125.47 1 0
github.com/vatbrain/vatbrain/internal/mcp/search_tool.go:125.47,126.71 1 0
github.com/vatbrain/vatbrain/internal/mcp/search_tool.go:126.71,128.8 1 0
github.com/vatbrain/vatbrain/internal/mcp/search_tool.go:129.7,129.69 1 0
github.com/vatbrain/vatbrain/internal/mcp/search_tool.go:129.69,131.8 1 0
github.com/vatbrain/vatbrain/internal/mcp/search_tool.go:132.7,132.53 1 0
github.com/vatbrain/vatbrain/internal/mcp/search_tool.go:134.6,135.38 2 0
github.com/vatbrain/vatbrain/internal/mcp/search_tool.go:135.38,137.7 1 0
github.com/vatbrain/vatbrain/internal/mcp/search_tool.go:138.6,138.48 1 0
github.com/vatbrain/vatbrain/internal/mcp/search_tool.go:138.48,147.7 1 0
github.com/vatbrain/vatbrain/internal/mcp/search_tool.go:151.4,151.44 1 0
github.com/vatbrain/vatbrain/internal/mcp/search_tool.go:151.44,153.5 1 0
github.com/vatbrain/vatbrain/internal/mcp/search_tool.go:154.4,154.27 1 0
github.com/vatbrain/vatbrain/internal/mcp/search_tool.go:154.27,156.5 1 0
github.com/vatbrain/vatbrain/internal/mcp/search_tool.go:158.4,159.19 2 0
github.com/vatbrain/vatbrain/internal/mcp/search_tool.go:159.19,161.5 1 0
github.com/vatbrain/vatbrain/internal/mcp/search_tool.go:162.4,162.20 1 0
github.com/vatbrain/vatbrain/internal/mcp/weight_tool.go:14.56,24.92 2 8
github.com/vatbrain/vatbrain/internal/mcp/weight_tool.go:24.92,26.18 2 1
github.com/vatbrain/vatbrain/internal/mcp/weight_tool.go:26.18,28.5 1 1
github.com/vatbrain/vatbrain/internal/mcp/weight_tool.go:29.4,30.19 2 0
github.com/vatbrain/vatbrain/internal/mcp/weight_tool.go:30.19,32.5 1 0
github.com/vatbrain/vatbrain/internal/mcp/weight_tool.go:34.4,37.33 3 0
github.com/vatbrain/vatbrain/internal/mcp/weight_tool.go:37.33,39.5 1 0
github.com/vatbrain/vatbrain/internal/mcp/weight_tool.go:41.4,43.33 3 0
github.com/vatbrain/vatbrain/internal/mcp/weight_tool.go:43.33,45.5 1 0
github.com/vatbrain/vatbrain/internal/mcp/weight_tool.go:47.4,54.19 2 0
github.com/vatbrain/vatbrain/internal/mcp/weight_tool.go:54.19,56.5 1 0
github.com/vatbrain/vatbrain/internal/mcp/weight_tool.go:57.4,57.20 1 0
github.com/vatbrain/vatbrain/internal/mcp/weight_tool.go:62.52,72.92 2 8
github.com/vatbrain/vatbrain/internal/mcp/weight_tool.go:72.92,74.18 2 1
github.com/vatbrain/vatbrain/internal/mcp/weight_tool.go:74.18,76.5 1 1
github.com/vatbrain/vatbrain/internal/mcp/weight_tool.go:77.4,78.19 2 0
github.com/vatbrain/vatbrain/internal/mcp/weight_tool.go:78.19,80.5 1 0
github.com/vatbrain/vatbrain/internal/mcp/weight_tool.go:82.4,85.33 3 0
github.com/vatbrain/vatbrain/internal/mcp/weight_tool.go:85.33,87.5 1 0
github.com/vatbrain/vatbrain/internal/mcp/weight_tool.go:89.4,92.95 3 0
github.com/vatbrain/vatbrain/internal/mcp/weight_tool.go:92.95,94.5 1 0
github.com/vatbrain/vatbrain/internal/mcp/weight_tool.go:95.4,101.19 3 0
github.com/vatbrain/vatbrain/internal/mcp/weight_tool.go:101.19,103.5 1 0
github.com/vatbrain/vatbrain/internal/mcp/weight_tool.go:104.4,104.20 1 0
github.com/vatbrain/vatbrain/internal/mcp/write_tool.go:18.52,41.92 2 8
github.com/vatbrain/vatbrain/internal/mcp/write_tool.go:41.92,43.18 2 1
github.com/vatbrain/vatbrain/internal/mcp/write_tool.go:43.18,45.5 1 1
github.com/vatbrain/vatbrain/internal/mcp/write_tool.go:46.4,47.18 2 0
github.com/vatbrain/vatbrain/internal/mcp/write_tool.go:47.18,49.5 1 0
github.com/vatbrain/vatbrain/internal/mcp/write_tool.go:50.4,59.32 8 0
github.com/vatbrain/vatbrain/internal/mcp/write_tool.go:59.32,61.5 1 0
github.com/vatbrain/vatbrain/internal/mcp/write_tool.go:64.4,71.33 3 0
github.com/vatbrain/vatbrain/internal/mcp/write_tool.go:71.33,76.20 2 0
github.com/vatbrain/vatbrain/internal/mcp/write_tool.go:76.20,78.6 1 0
github.com/vatbrain/vatbrain/internal/mcp/write_tool.go:79.5,79.21 1 0
github.com/vatbrain/vatbrain/internal/mcp/write_tool.go:83.4,84.21 2 0
github.com/vatbrain/vatbrain/internal/mcp/write_tool.go:84.21,86.5 1 0
github.com/vatbrain/vatbrain/internal/mcp/write_tool.go:89.4,94.21 2 0
github.com/vatbrain/vatbrain/internal/mcp/write_tool.go:94.21,96.5 1 0
github.com/vatbrain/vatbrain/internal/mcp/write_tool.go:98.4,107.41 3 0
github.com/vatbrain/vatbrain/internal/mcp/write_tool.go:107.41,108.42 1 0
github.com/vatbrain/vatbrain/internal/mcp/write_tool.go:108.42,109.14 1 0
github.com/vatbrain/vatbrain/internal/mcp/write_tool.go:112.5,121.31 4 0
github.com/vatbrain/vatbrain/internal/mcp/write_tool.go:121.31,122.14 1 0
github.com/vatbrain/vatbrain/internal/mcp/write_tool.go:126.5,127.20 2 0
github.com/vatbrain/vatbrain/internal/mcp/write_tool.go:127.20,128.14 1 0
github.com/vatbrain/vatbrain/internal/mcp/write_tool.go:131.5,139.66 7 0
github.com/vatbrain/vatbrain/internal/mcp/write_tool.go:139.66,141.6 1 0
github.com/vatbrain/vatbrain/internal/mcp/write_tool.go:143.5,150.20 2 0
github.com/vatbrain/vatbrain/internal/mcp/write_tool.go:150.20,152.6 1 0
github.com/vatbrain/vatbrain/internal/mcp/write_tool.go:153.5,153.21 1 0
github.com/vatbrain/vatbrain/internal/mcp/write_tool.go:157.4,176.60 5 0
github.com/vatbrain/vatbrain/internal/mcp/write_tool.go:176.60,178.5 1 0
github.com/vatbrain/vatbrain/internal/mcp/write_tool.go:181.4,193.19 4 0
github.com/vatbrain/vatbrain/internal/mcp/write_tool.go:193.19,195.5 1 0
github.com/vatbrain/vatbrain/internal/mcp/write_tool.go:196.4,196.20 1 0
github.com/vatbrain/vatbrain/internal/vector/vector.go:15.47,16.52 1 10
github.com/vatbrain/vatbrain/internal/vector/vector.go:16.52,18.3 1 4
github.com/vatbrain/vatbrain/internal/vector/vector.go:19.2,20.19 2 6
github.com/vatbrain/vatbrain/internal/vector/vector.go:20.19,24.3 3 15
github.com/vatbrain/vatbrain/internal/vector/vector.go:25.2,25.30 1 6
github.com/vatbrain/vatbrain/internal/vector/vector.go:25.30,27.3 1 2
github.com/vatbrain/vatbrain/internal/vector/vector.go:28.2,28.52 1 4
github.com/vatbrain/vatbrain/internal/vector/vector.go:33.41,34.52 1 3
github.com/vatbrain/vatbrain/internal/vector/vector.go:34.52,36.3 1 2
github.com/vatbrain/vatbrain/internal/vector/vector.go:37.2,38.19 2 1
github.com/vatbrain/vatbrain/internal/vector/vector.go:38.19,40.3 1 3
github.com/vatbrain/vatbrain/internal/vector/vector.go:41.2,41.12 1 1
github.com/vatbrain/vatbrain/internal/vector/vector.go:46.42,47.32 1 6
github.com/vatbrain/vatbrain/internal/vector/vector.go:47.32,49.3 1 3
github.com/vatbrain/vatbrain/internal/vector/vector.go:50.2,55.27 3 3
github.com/vatbrain/vatbrain/internal/vector/vector.go:55.27,57.3 1 10
github.com/vatbrain/vatbrain/internal/vector/vector.go:58.2,58.40 1 3
github.com/vatbrain/vatbrain/internal/vector/vector.go:58.40,59.39 1 12
github.com/vatbrain/vatbrain/internal/vector/vector.go:59.39,61.4 1 10
github.com/vatbrain/vatbrain/internal/vector/vector.go:62.3,62.37 1 2
github.com/vatbrain/vatbrain/internal/vector/vector.go:64.2,64.20 1 3
github.com/vatbrain/vatbrain/internal/vector/vector.go:64.20,66.3 1 1
github.com/vatbrain/vatbrain/internal/vector/vector.go:67.2,68.19 2 3
github.com/vatbrain/vatbrain/internal/vector/vector.go:68.19,70.3 1 8
github.com/vatbrain/vatbrain/internal/vector/vector.go:71.2,71.15 1 3
github.com/vatbrain/vatbrain/internal/vector/vector.go:76.33,77.17 1 3
github.com/vatbrain/vatbrain/internal/vector/vector.go:77.17,79.3 1 2
github.com/vatbrain/vatbrain/internal/vector/vector.go:80.2,81.22 2 1
github.com/vatbrain/vatbrain/internal/vector/vector.go:81.22,83.3 1 4
github.com/vatbrain/vatbrain/internal/vector/vector.go:84.2,84.10 1 1
github.com/vatbrain/vatbrain/internal/vector/vector.go:89.33,90.19 1 3
github.com/vatbrain/vatbrain/internal/vector/vector.go:90.19,92.3 1 1
github.com/vatbrain/vatbrain/internal/vector/vector.go:93.2,94.12 2 2
github.com/vatbrain/vatbrain/internal/vector/vector.go:94.12,96.3 1 1
github.com/vatbrain/vatbrain/internal/vector/vector.go:97.2,98.19 2 1
github.com/vatbrain/vatbrain/internal/vector/vector.go:98.19,100.3 1 4
github.com/vatbrain/vatbrain/internal/vector/vector.go:101.2,101.10 1 1
github.com/vatbrain/vatbrain/internal/vector/vector.go:105.41,106.17 1 3
github.com/vatbrain/vatbrain/internal/vector/vector.go:106.17,108.3 1 2
github.com/vatbrain/vatbrain/internal/vector/vector.go:109.2,110.22 2 1
github.com/vatbrain/vatbrain/internal/vector/vector.go:110.22,112.3 1 3
github.com/vatbrain/vatbrain/internal/vector/vector.go:113.2,113.12 1 1
github.com/vatbrain/vatbrain/internal/vector/vector.go:117.41,118.17 1 3
github.com/vatbrain/vatbrain/internal/vector/vector.go:118.17,120.3 1 2
github.com/vatbrain/vatbrain/internal/vector/vector.go:121.2,122.22 2 1
github.com/vatbrain/vatbrain/internal/vector/vector.go:122.22,124.3 1 3
github.com/vatbrain/vatbrain/internal/vector/vector.go:125.2,125.12 1 1
github.com/vatbrain/vatbrain/internal/vector/vector.go:129.34,131.22 2 3
github.com/vatbrain/vatbrain/internal/vector/vector.go:131.22,133.3 1 5
github.com/vatbrain/vatbrain/internal/vector/vector.go:134.2,134.23 1 3
github.com/vatbrain/vatbrain/internal/store/sqlite/pitfall.go:22.80,28.29 5 0
github.com/vatbrain/vatbrain/internal/store/sqlite/pitfall.go:28.29,30.3 1 0
github.com/vatbrain/vatbrain/internal/store/sqlite/pitfall.go:32.2,33.37 2 0
github.com/vatbrain/vatbrain/internal/store/sqlite/pitfall.go:33.37,35.3 1 0
github.com/vatbrain/vatbrain/internal/store/sqlite/pitfall.go:37.2,38.26 2 0
github.com/vatbrain/vatbrain/internal/store/sqlite/pitfall.go:38.26,40.3 1 0
github.com/vatbrain/vatbrain/internal/store/sqlite/pitfall.go:42.2,74.12 3 0
github.com/vatbrain/vatbrain/internal/store/sqlite/pitfall.go:78.92,93.2 4 0
github.com/vatbrain/vatbrain/internal/store/sqlite/pitfall.go:96.114,103.25 5 0
github.com/vatbrain/vatbrain/internal/store/sqlite/pitfall.go:103.25,106.3 2 0
github.com/vatbrain/vatbrain/internal/store/sqlite/pitfall.go:107.2,107.24 1 0
github.com/vatbrain/vatbrain/internal/store/sqlite/pitfall.go:107.24,110.3 2 0
github.com/vatbrain/vatbrain/internal/store/sqlite/pitfall.go:111.2,111.24 1 0
github.com/vatbrain/vatbrain/internal/store/sqlite/pitfall.go:111.24,114.3 2 0
github.com/vatbrain/vatbrain/internal/store/sqlite/pitfall.go:115.2,115.33 1 0
github.com/vatbrain/vatbrain/internal/store/sqlite/pitfall.go:115.33,118.3 2 0
github.com/vatbrain/vatbrain/internal/store/sqlite/pitfall.go:119.2,119.23 1 0
github.com/vatbrain/vatbrain/internal/store/sqlite/pitfall.go:119.23,122.3 2 0
github.com/vatbrain/vatbrain/internal/store/sqlite/pitfall.go:123.2,139.16 5 0
github.com/vatbrain/vatbrain/internal/store/sqlite/pitfall.go:139.16,141.3 1 0
github.com/vatbrain/vatbrain/internal/store/sqlite/pitfall.go:142.2,142.17 1 0
github.com/vatbrain/vatbrain/internal/store/sqlite/pitfall.go:142.17,144.3 1 0
github.com/vatbrain/vatbrain/internal/store/sqlite/pitfall.go:145.2,149.16 4 0
github.com/vatbrain/vatbrain/internal/store/sqlite/pitfall.go:149.16,151.3 1 0
github.com/vatbrain/vatbrain/internal/store/sqlite/pitfall.go:152.2,155.18 3 0
github.com/vatbrain/vatbrain/internal/store/sqlite/pitfall.go:155.18,157.17 2 0
github.com/vatbrain/vatbrain/internal/store/sqlite/pitfall.go:157.17,159.4 1 0
github.com/vatbrain/vatbrain/internal/store/sqlite/pitfall.go:160.3,160.32 1 0
github.com/vatbrain/vatbrain/internal/store/sqlite/pitfall.go:162.2,162.35 1 0
github.com/vatbrain/vatbrain/internal/store/sqlite/pitfall.go:162.35,164.3 1 0
github.com/vatbrain/vatbrain/internal/store/sqlite/pitfall.go:167.2,167.48 1 0
github.com/vatbrain/vatbrain/internal/store/sqlite/pitfall.go:167.48,169.3 1 0
github.com/vatbrain/vatbrain/internal/store/sqlite/pitfall.go:169.8,169.33 1 0
github.com/vatbrain/vatbrain/internal/store/sqlite/pitfall.go:169.33,171.3 1 0
github.com/vatbrain/vatbrain/internal/store/sqlite/pitfall.go:173.2,173.21 1 0
github.com/vatbrain/vatbrain/internal/store/sqlite/pitfall.go:177.118,192.16 4 0
github.com/vatbrain/vatbrain/internal/store/sqlite/pitfall.go:192.16,194.3 1 0
github.com/vatbrain/vatbrain/internal/store/sqlite/pitfall.go:195.2,198.18 3 0
github.com/vatbrain/vatbrain/internal/store/sqlite/pitfall.go:198.18,200.17 2 0
github.com/vatbrain/vatbrain/internal/store/sqlite/pitfall.go:200.17,202.4 1 0
github.com/vatbrain/vatbrain/internal/store/sqlite/pitfall.go:203.3,203.32 1 0
github.com/vatbrain/vatbrain/internal/store/sqlite/pitfall.go:205.2,205.28 1 0
github.com/vatbrain/vatbrain/internal/store/sqlite/pitfall.go:209.84,215.2 4 0
github.com/vatbrain/vatbrain/internal/store/sqlite/pitfall.go:218.92,224.2 4 0
github.com/vatbrain/vatbrain/internal/store/sqlite/pitfall.go:227.90,233.2 4 0
github.com/vatbrain/vatbrain/internal/store/sqlite/pitfall.go:236.102,242.2 4 0
github.com/vatbrain/vatbrain/internal/store/sqlite/pitfall.go:246.63,248.2 1 0
github.com/vatbrain/vatbrain/internal/store/sqlite/pitfall.go:250.98,267.16 9 0
github.com/vatbrain/vatbrain/internal/store/sqlite/pitfall.go:267.16,269.3 1 0
github.com/vatbrain/vatbrain/internal/store/sqlite/pitfall.go:271.2,278.59 8 0
github.com/vatbrain/vatbrain/internal/store/sqlite/pitfall.go:278.59,280.3 1 0
github.com/vatbrain/vatbrain/internal/store/sqlite/pitfall.go:281.2,281.25 1 0
github.com/vatbrain/vatbrain/internal/store/sqlite/pitfall.go:281.25,284.3 2 0
github.com/vatbrain/vatbrain/internal/store/sqlite/pitfall.go:285.2,285.21 1 0
github.com/vatbrain/vatbrain/internal/store/sqlite/pitfall.go:285.21,288.28 3 0
github.com/vatbrain/vatbrain/internal/store/sqlite/pitfall.go:288.28,289.45 1 0
github.com/vatbrain/vatbrain/internal/store/sqlite/pitfall.go:289.45,291.5 1 0
github.com/vatbrain/vatbrain/internal/store/sqlite/pitfall.go:294.2,294.16 1 0
github.com/vatbrain/vatbrain/internal/store/sqlite/pitfall.go:301.125,303.29 2 0
github.com/vatbrain/vatbrain/internal/store/sqlite/pitfall.go:303.29,307.3 1 0
github.com/vatbrain/vatbrain/internal/store/sqlite/pitfall.go:308.2,308.17 1 0
github.com/vatbrain/vatbrain/internal/store/sqlite/pitfall.go:313.104,319.29 3 0
github.com/vatbrain/vatbrain/internal/store/sqlite/pitfall.go:319.29,321.3 1 0
github.com/vatbrain/vatbrain/internal/store/sqlite/pitfall.go:322.2,322.42 1 0
github.com/vatbrain/vatbrain/internal/store/sqlite/pitfall.go:322.42,323.43 1 0
github.com/vatbrain/vatbrain/internal/store/sqlite/pitfall.go:323.43,325.4 1 0
github.com/vatbrain/vatbrain/internal/store/sqlite/pitfall.go:326.3,326.51 1 0
github.com/vatbrain/vatbrain/internal/store/sqlite/pitfall.go:328.2,329.28 2 0
github.com/vatbrain/vatbrain/internal/store/sqlite/pitfall.go:329.28,331.3 1 0
github.com/vatbrain/vatbrain/internal/store/sqlite/pitfall.go:332.2,332.12 1 0
github.com/vatbrain/vatbrain/internal/store/sqlite/pitfall.go:337.48,338.19 1 0
github.com/vatbrain/vatbrain/internal/store/sqlite/pitfall.go:338.19,340.3 1 0
github.com/vatbrain/vatbrain/internal/store/sqlite/pitfall.go:341.2,342.25 2 0
github.com/vatbrain/vatbrain/internal/store/sqlite/pitfall.go:342.25,344.3 1 0
github.com/vatbrain/vatbrain/internal/store/sqlite/pitfall.go:345.2,345.12 1 0
github.com/vatbrain/vatbrain/internal/store/sqlite/pitfall.go:348.28,349.7 1 0
github.com/vatbrain/vatbrain/internal/store/sqlite/pitfall.go:349.7,351.3 1 0
github.com/vatbrain/vatbrain/internal/store/sqlite/pitfall.go:352.2,352.10 1 0
github.com/vatbrain/vatbrain/internal/store/sqlite/schema.go:113.32,115.16 2 17
github.com/vatbrain/vatbrain/internal/store/sqlite/schema.go:115.16,117.3 1 0
github.com/vatbrain/vatbrain/internal/store/sqlite/schema.go:118.2,118.12 1 17
github.com/vatbrain/vatbrain/internal/store/sqlite/schema.go:121.34,124.2 2 17
github.com/vatbrain/vatbrain/internal/store/sqlite/search.go:22.117,27.26 3 10
github.com/vatbrain/vatbrain/internal/store/sqlite/search.go:27.26,29.49 2 8
github.com/vatbrain/vatbrain/internal/store/sqlite/search.go:29.49,31.4 1 1
github.com/vatbrain/vatbrain/internal/store/sqlite/search.go:34.2,37.25 3 9
github.com/vatbrain/vatbrain/internal/store/sqlite/search.go:37.25,40.3 2 9
github.com/vatbrain/vatbrain/internal/store/sqlite/search.go:41.2,41.24 1 9
github.com/vatbrain/vatbrain/internal/store/sqlite/search.go:41.24,44.3 2 2
github.com/vatbrain/vatbrain/internal/store/sqlite/search.go:45.2,45.24 1 9
github.com/vatbrain/vatbrain/internal/store/sqlite/search.go:45.24,48.3 2 0
github.com/vatbrain/vatbrain/internal/store/sqlite/search.go:49.2,49.23 1 9
github.com/vatbrain/vatbrain/internal/store/sqlite/search.go:49.23,52.3 2 0
github.com/vatbrain/vatbrain/internal/store/sqlite/search.go:53.2,53.26 1 9
github.com/vatbrain/vatbrain/internal/store/sqlite/search.go:53.26,55.3 1 8
github.com/vatbrain/vatbrain/internal/store/sqlite/search.go:57.2,58.16 2 9
github.com/vatbrain/vatbrain/internal/store/sqlite/search.go:58.16,60.3 1 0
github.com/vatbrain/vatbrain/internal/store/sqlite/search.go:61.2,62.26 2 9
github.com/vatbrain/vatbrain/internal/store/sqlite/search.go:62.26,64.23 2 2
github.com/vatbrain/vatbrain/internal/store/sqlite/search.go:64.23,66.4 1 0
github.com/vatbrain/vatbrain/internal/store/sqlite/search.go:69.2,82.16 4 9
github.com/vatbrain/vatbrain/internal/store/sqlite/search.go:82.16,84.3 1 0
github.com/vatbrain/vatbrain/internal/store/sqlite/search.go:85.2,88.16 3 9
github.com/vatbrain/vatbrain/internal/store/sqlite/search.go:88.16,90.3 1 0
github.com/vatbrain/vatbrain/internal/store/sqlite/search.go:92.2,94.49 2 9
github.com/vatbrain/vatbrain/internal/store/sqlite/search.go:94.49,96.32 2 2
github.com/vatbrain/vatbrain/internal/store/sqlite/search.go:96.32,97.33 1 8
github.com/vatbrain/vatbrain/internal/store/sqlite/search.go:97.33,98.13 1 0
github.com/vatbrain/vatbrain/internal/store/sqlite/search.go:100.4,101.38 2 8
github.com/vatbrain/vatbrain/internal/store/sqlite/search.go:101.38,102.13 1 0
github.com/vatbrain/vatbrain/internal/store/sqlite/search.go:104.4,107.6 1 8
github.com/vatbrain/vatbrain/internal/store/sqlite/search.go:110.3,112.26 2 2
github.com/vatbrain/vatbrain/internal/store/sqlite/search.go:112.26,114.4 1 0
github.com/vatbrain/vatbrain/internal/store/sqlite/search.go:115.3,116.24 2 2
github.com/vatbrain/vatbrain/internal/store/sqlite/search.go:116.24,118.4 1 6
github.com/vatbrain/vatbrain/internal/store/sqlite/search.go:119.8,120.30 1 7
github.com/vatbrain/vatbrain/internal/store/sqlite/search.go:120.30,122.4 1 6
github.com/vatbrain/vatbrain/internal/store/sqlite/search.go:123.3,123.31 1 7
github.com/vatbrain/vatbrain/internal/store/sqlite/search.go:127.2,127.26 1 9
github.com/vatbrain/vatbrain/internal/store/sqlite/search.go:127.26,130.3 2 7
github.com/vatbrain/vatbrain/internal/store/sqlite/search.go:132.2,132.21 1 9
github.com/vatbrain/vatbrain/internal/store/sqlite/search.go:136.117,143.26 5 1
github.com/vatbrain/vatbrain/internal/store/sqlite/search.go:143.26,146.3 2 1
github.com/vatbrain/vatbrain/internal/store/sqlite/search.go:147.2,147.25 1 1
github.com/vatbrain/vatbrain/internal/store/sqlite/search.go:147.25,150.3 2 0
github.com/vatbrain/vatbrain/internal/store/sqlite/search.go:152.2,153.16 2 1
github.com/vatbrain/vatbrain/internal/store/sqlite/search.go:153.16,155.3 1 0
github.com/vatbrain/vatbrain/internal/store/sqlite/search.go:157.2,170.16 4 1
github.com/vatbrain/vatbrain/internal/store/sqlite/search.go:170.16,172.3 1 0
github.com/vatbrain/vatbrain/internal/store/sqlite/search.go:173.2,175.31 2 1
github.com/vatbrain/vatbrain/internal/store/sqlite/search.go:180.50,181.34 1 2
github.com/vatbrain/vatbrain/internal/store/sqlite/search.go:181.34,182.39 1 8
github.com/vatbrain/vatbrain/internal/store/sqlite/search.go:182.39,184.85 1 13
github.com/vatbrain/vatbrain/internal/store/sqlite/search.go:184.85,186.5 1 3
github.com/vatbrain/vatbrain/internal/store/sqlite/store.go:32.56,34.16 2 17
github.com/vatbrain/vatbrain/internal/store/sqlite/store.go:34.16,36.3 1 0
github.com/vatbrain/vatbrain/internal/store/sqlite/store.go:37.2,39.13 2 17
github.com/vatbrain/vatbrain/internal/store/sqlite/store.go:39.13,40.39 1 17
github.com/vatbrain/vatbrain/internal/store/sqlite/store.go:40.39,43.4 2 0
github.com/vatbrain/vatbrain/internal/store/sqlite/store.go:46.2,46.36 1 17
github.com/vatbrain/vatbrain/internal/store/sqlite/store.go:46.36,49.3 2 0
github.com/vatbrain/vatbrain/internal/store/sqlite/store.go:51.2,56.15 2 17
github.com/vatbrain/vatbrain/internal/store/sqlite/store.go:62.84,68.31 5 28
github.com/vatbrain/vatbrain/internal/store/sqlite/store.go:68.31,70.3 1 0
github.com/vatbrain/vatbrain/internal/store/sqlite/store.go:72.2,73.32 2 28
github.com/vatbrain/vatbrain/internal/store/sqlite/store.go:73.32,75.3 1 9
github.com/vatbrain/vatbrain/internal/store/sqlite/store.go:77.2,78.28 2 28
github.com/vatbrain/vatbrain/internal/store/sqlite/store.go:78.28,80.3 1 0
github.com/vatbrain/vatbrain/internal/store/sqlite/store.go:82.2,106.12 2 28
github.com/vatbrain/vatbrain/internal/store/sqlite/store.go:110.94,123.2 4 6
github.com/vatbrain/vatbrain/internal/store/sqlite/store.go:126.85,132.2 4 2
github.com/vatbrain/vatbrain/internal/store/sqlite/store.go:135.102,141.2 4 3
github.com/vatbrain/vatbrain/internal/store/sqlite/store.go:144.83,150.2 4 1
github.com/vatbrain/vatbrain/internal/store/sqlite/store.go:155.84,161.28 5 1
github.com/vatbrain/vatbrain/internal/store/sqlite/store.go:161.28,163.3 1 0
github.com/vatbrain/vatbrain/internal/store/sqlite/store.go:164.2,165.31 2 1
github.com/vatbrain/vatbrain/internal/store/sqlite/store.go:165.31,167.3 1 0
github.com/vatbrain/vatbrain/internal/store/sqlite/store.go:169.2,192.12 2 1
github.com/vatbrain/vatbrain/internal/store/sqlite/store.go:196.94,209.2 4 0
github.com/vatbrain/vatbrain/internal/store/sqlite/store.go:214.112,219.20 4 3
github.com/vatbrain/vatbrain/internal/store/sqlite/store.go:219.20,222.3 2 1
github.com/vatbrain/vatbrain/internal/store/sqlite/store.go:224.2,228.12 2 3
github.com/vatbrain/vatbrain/internal/store/sqlite/store.go:232.113,238.19 5 2
github.com/vatbrain/vatbrain/internal/store/sqlite/store.go:239.13,241.39 2 1
github.com/vatbrain/vatbrain/internal/store/sqlite/store.go:242.12,244.39 2 0
github.com/vatbrain/vatbrain/internal/store/sqlite/store.go:245.10,247.56 2 1
github.com/vatbrain/vatbrain/internal/store/sqlite/store.go:249.2,249.20 1 2
github.com/vatbrain/vatbrain/internal/store/sqlite/store.go:249.20,252.3 2 1
github.com/vatbrain/vatbrain/internal/store/sqlite/store.go:253.2,256.16 3 2
github.com/vatbrain/vatbrain/internal/store/sqlite/store.go:256.16,258.3 1 0
github.com/vatbrain/vatbrain/internal/store/sqlite/store.go:259.2,262.18 3 2
github.com/vatbrain/vatbrain/internal/store/sqlite/store.go:262.18,265.92 3 3
github.com/vatbrain/vatbrain/internal/store/sqlite/store.go:265.92,267.4 1 0
github.com/vatbrain/vatbrain/internal/store/sqlite/store.go:268.3,271.41 4 3
github.com/vatbrain/vatbrain/internal/store/sqlite/store.go:271.41,273.4 1 1
github.com/vatbrain/vatbrain/internal/store/sqlite/store.go:274.3,274.27 1 3
github.com/vatbrain/vatbrain/internal/store/sqlite/store.go:276.2,276.26 1 2
github.com/vatbrain/vatbrain/internal/store/sqlite/store.go:282.109,294.16 4 1
github.com/vatbrain/vatbrain/internal/store/sqlite/store.go:294.16,296.3 1 0
github.com/vatbrain/vatbrain/internal/store/sqlite/store.go:297.2,300.18 3 1
github.com/vatbrain/vatbrain/internal/store/sqlite/store.go:300.18,306.49 4 1
github.com/vatbrain/vatbrain/internal/store/sqlite/store.go:306.49,308.4 1 0
github.com/vatbrain/vatbrain/internal/store/sqlite/store.go:309.3,313.30 5 1
github.com/vatbrain/vatbrain/internal/store/sqlite/store.go:315.2,315.26 1 1
github.com/vatbrain/vatbrain/internal/store/sqlite/store.go:319.99,324.28 4 1
github.com/vatbrain/vatbrain/internal/store/sqlite/store.go:324.28,326.3 1 0
github.com/vatbrain/vatbrain/internal/store/sqlite/store.go:328.2,349.12 2 1
github.com/vatbrain/vatbrain/internal/store/sqlite/store.go:353.113,375.16 7 1
github.com/vatbrain/vatbrain/internal/store/sqlite/store.go:375.16,377.3 1 0
github.com/vatbrain/vatbrain/internal/store/sqlite/store.go:379.2,381.25 3 1
github.com/vatbrain/vatbrain/internal/store/sqlite/store.go:381.25,384.3 2 0
github.com/vatbrain/vatbrain/internal/store/sqlite/store.go:385.2,385.18 1 1
github.com/vatbrain/vatbrain/internal/store/sqlite/store.go:391.54,393.2 1 1
github.com/vatbrain/vatbrain/internal/store/sqlite/store.go:396.31,398.2 1 17
github.com/vatbrain/vatbrain/internal/store/sqlite/store.go:402.65,415.16 7 6
github.com/vatbrain/vatbrain/internal/store/sqlite/store.go:415.16,417.3 1 0
github.com/vatbrain/vatbrain/internal/store/sqlite/store.go:419.2,423.59 5 6
github.com/vatbrain/vatbrain/internal/store/sqlite/store.go:423.59,425.3 1 6
github.com/vatbrain/vatbrain/internal/store/sqlite/store.go:426.2,426.25 1 6
github.com/vatbrain/vatbrain/internal/store/sqlite/store.go:426.25,429.3 2 1
github.com/vatbrain/vatbrain/internal/store/sqlite/store.go:430.2,430.21 1 6
github.com/vatbrain/vatbrain/internal/store/sqlite/store.go:430.21,432.3 1 2
github.com/vatbrain/vatbrain/internal/store/sqlite/store.go:433.2,433.16 1 6
github.com/vatbrain/vatbrain/internal/store/sqlite/store.go:436.65,449.16 7 0
github.com/vatbrain/vatbrain/internal/store/sqlite/store.go:449.16,451.3 1 0
github.com/vatbrain/vatbrain/internal/store/sqlite/store.go:453.2,457.59 5 0
github.com/vatbrain/vatbrain/internal/store/sqlite/store.go:457.59,459.3 1 0
github.com/vatbrain/vatbrain/internal/store/sqlite/store.go:460.2,460.25 1 0
github.com/vatbrain/vatbrain/internal/store/sqlite/store.go:460.25,463.3 2 0
github.com/vatbrain/vatbrain/internal/store/sqlite/store.go:464.2,464.21 1 0
github.com/vatbrain/vatbrain/internal/store/sqlite/store.go:464.21,466.3 1 0
github.com/vatbrain/vatbrain/internal/store/sqlite/store.go:467.2,467.16 1 0
github.com/vatbrain/vatbrain/internal/store/sqlite/store.go:470.72,472.18 2 9
github.com/vatbrain/vatbrain/internal/store/sqlite/store.go:472.18,485.17 7 26
github.com/vatbrain/vatbrain/internal/store/sqlite/store.go:485.17,487.4 1 0
github.com/vatbrain/vatbrain/internal/store/sqlite/store.go:488.3,492.60 5 26
github.com/vatbrain/vatbrain/internal/store/sqlite/store.go:492.60,494.4 1 26
github.com/vatbrain/vatbrain/internal/store/sqlite/store.go:495.3,495.26 1 26
github.com/vatbrain/vatbrain/internal/store/sqlite/store.go:495.26,498.4 2 1
github.com/vatbrain/vatbrain/internal/store/sqlite/store.go:499.3,499.22 1 26
github.com/vatbrain/vatbrain/internal/store/sqlite/store.go:499.22,501.4 1 13
github.com/vatbrain/vatbrain/internal/store/sqlite/store.go:502.3,502.31 1 26
github.com/vatbrain/vatbrain/internal/store/sqlite/store.go:504.2,504.28 1 9
github.com/vatbrain/vatbrain/internal/store/sqlite/store.go:507.72,509.18 2 1
github.com/vatbrain/vatbrain/internal/store/sqlite/store.go:509.18,522.17 7 1
github.com/vatbrain/vatbrain/internal/store/sqlite/store.go:522.17,524.4 1 0
github.com/vatbrain/vatbrain/internal/store/sqlite/store.go:525.3,529.60 5 1
github.com/vatbrain/vatbrain/internal/store/sqlite/store.go:529.60,531.4 1 1
github.com/vatbrain/vatbrain/internal/store/sqlite/store.go:532.3,532.26 1 1
github.com/vatbrain/vatbrain/internal/store/sqlite/store.go:532.26,535.4 2 0
github.com/vatbrain/vatbrain/internal/store/sqlite/store.go:536.3,536.22 1 1
github.com/vatbrain/vatbrain/internal/store/sqlite/store.go:536.22,538.4 1 1
github.com/vatbrain/vatbrain/internal/store/sqlite/store.go:539.3,539.31 1 1
github.com/vatbrain/vatbrain/internal/store/sqlite/store.go:541.2,541.28 1 1
